INFO: [VRFC 10-2263] Analyzing SystemVerilog file "C:/Users/umaff/Documents/Vivado/game-snake/game-snake.srcs/sources_1/new/alu.sv" into library xil_defaultlib
INFO: [VRFC 10-311] analyzing module alu
INFO: [VRFC 10-2263] Analyzing SystemVerilog file "C:/Users/umaff/Documents/Vivado/game-snake/game-snake.srcs/sources_1/new/game_snake_pkg.sv" into library xil_defaultlib
INFO: [VRFC 10-2263] Analyzing SystemVerilog file "C:/Users/umaff/Documents/Vivado/game-snake/game-snake.srcs/sources_1/new/button_handler.sv" into library xil_defaultlib
INFO: [VRFC 10-311] analyzing module button_handler
INFO: [VRFC 10-2263] Analyzing SystemVerilog file "C:/Users/umaff/Documents/Vivado/game-snake/game-snake.srcs/sources_1/new/code_gen.sv" into library xil_defaultlib
INFO: [VRFC 10-311] analyzing module code_gen
INFO: [VRFC 10-2263] Analyzing SystemVerilog file "C:/Users/umaff/Documents/Vivado/game-snake/game-snake.srcs/sources_1/new/comparator.sv" into library xil_defaultlib
INFO: [VRFC 10-311] analyzing module comparator
INFO: [VRFC 10-2263] Analyzing SystemVerilog file "C:/Users/umaff/Documents/Vivado/game-snake/game-snake.srcs/sources_1/new/control_snake.sv" into library xil_defaultlib
INFO: [VRFC 10-311] analyzing module control_snake
INFO: [VRFC 10-2263] Analyzing SystemVerilog file "C:/Users/umaff/Documents/Vivado/game-snake/game-snake.srcs/sources_1/new/datapath.sv" into library xil_defaultlib
INFO: [VRFC 10-311] analyzing module datapath
INFO: [VRFC 10-2263] Analyzing SystemVerilog file "C:/Users/umaff/Documents/Vivado/game-snake/game-snake.srcs/sources_1/new/fifo.sv" into library xil_defaultlib
INFO: [VRFC 10-311] analyzing module fifo
INFO: [VRFC 10-2263] Analyzing SystemVerilog file "C:/Users/umaff/Documents/Vivado/game-snake/game-snake.srcs/sources_1/new/fsm_food.sv" into library xil_defaultlib
INFO: [VRFC 10-311] analyzing module fsm_food
WARNING: [VRFC 10-543] converting concatenation to assignment pattern [C:/Users/umaff/Documents/Vivado/game-snake/game-snake.srcs/sources_1/new/fsm_food.sv:81]
WARNING: [VRFC 10-543] converting concatenation to assignment pattern [C:/Users/umaff/Documents/Vivado/game-snake/game-snake.srcs/sources_1/new/fsm_food.sv:99]
WARNING: [VRFC 10-543] converting concatenation to assignment pattern [C:/Users/umaff/Documents/Vivado/game-snake/game-snake.srcs/sources_1/new/fsm_food.sv:117]
WARNING: [VRFC 10-543] converting concatenation to assignment pattern [C:/Users/umaff/Documents/Vivado/game-snake/game-snake.srcs/sources_1/new/fsm_food.sv:135]
WARNING: [VRFC 10-543] converting concatenation to assignment pattern [C:/Users/umaff/Documents/Vivado/game-snake/game-snake.srcs/sources_1/new/fsm_food.sv:153]
INFO: [VRFC 10-2263] Analyzing SystemVerilog file "C:/Users/umaff/Documents/Vivado/game-snake/game-snake.srcs/sources_1/new/fsm_init.sv" into library xil_defaultlib
INFO: [VRFC 10-311] analyzing module fsm_init
WARNING: [VRFC 10-543] converting concatenation to assignment pattern [C:/Users/umaff/Documents/Vivado/game-snake/game-snake.srcs/sources_1/new/fsm_init.sv:69]
WARNING: [VRFC 10-543] converting concatenation to assignment pattern [C:/Users/umaff/Documents/Vivado/game-snake/game-snake.srcs/sources_1/new/fsm_init.sv:87]
WARNING: [VRFC 10-543] converting concatenation to assignment pattern [C:/Users/umaff/Documents/Vivado/game-snake/game-snake.srcs/sources_1/new/fsm_init.sv:105]
WARNING: [VRFC 10-543] converting concatenation to assignment pattern [C:/Users/umaff/Documents/Vivado/game-snake/game-snake.srcs/sources_1/new/fsm_init.sv:123]
INFO: [VRFC 10-2263] Analyzing SystemVerilog file "C:/Users/umaff/Documents/Vivado/game-snake/game-snake.srcs/sources_1/new/fsm_main.sv" into library xil_defaultlib
INFO: [VRFC 10-311] analyzing module fsm_main
INFO: [VRFC 10-2263] Analyzing SystemVerilog file "C:/Users/umaff/Documents/Vivado/game-snake/game-snake.srcs/sources_1/new/fsm_step.sv" into library xil_defaultlib
INFO: [VRFC 10-311] analyzing module fsm_step
WARNING: [VRFC 10-543] converting concatenation to assignment pattern [C:/Users/umaff/Documents/Vivado/game-snake/game-snake.srcs/sources_1/new/fsm_step.sv:74]
WARNING: [VRFC 10-543] converting concatenation to assignment pattern [C:/Users/umaff/Documents/Vivado/game-snake/game-snake.srcs/sources_1/new/fsm_step.sv:94]
WARNING: [VRFC 10-543] converting concatenation to assignment pattern [C:/Users/umaff/Documents/Vivado/game-snake/game-snake.srcs/sources_1/new/fsm_step.sv:119]
WARNING: [VRFC 10-543] converting concatenation to assignment pattern [C:/Users/umaff/Documents/Vivado/game-snake/game-snake.srcs/sources_1/new/fsm_step.sv:139]
WARNING: [VRFC 10-543] converting concatenation to assignment pattern [C:/Users/umaff/Documents/Vivado/game-snake/game-snake.srcs/sources_1/new/fsm_step.sv:159]
WARNING: [VRFC 10-543] converting concatenation to assignment pattern [C:/Users/umaff/Documents/Vivado/game-snake/game-snake.srcs/sources_1/new/fsm_step.sv:179]
WARNING: [VRFC 10-543] converting concatenation to assignment pattern [C:/Users/umaff/Documents/Vivado/game-snake/game-snake.srcs/sources_1/new/fsm_step.sv:222]
WARNING: [VRFC 10-543] converting concatenation to assignment pattern [C:/Users/umaff/Documents/Vivado/game-snake/game-snake.srcs/sources_1/new/fsm_step.sv:239]
WARNING: [VRFC 10-543] converting concatenation to assignment pattern [C:/Users/umaff/Documents/Vivado/game-snake/game-snake.srcs/sources_1/new/fsm_step.sv:256]
WARNING: [VRFC 10-543] converting concatenation to assignment pattern [C:/Users/umaff/Documents/Vivado/game-snake/game-snake.srcs/sources_1/new/fsm_step.sv:273]
WARNING: [VRFC 10-543] converting concatenation to assignment pattern [C:/Users/umaff/Documents/Vivado/game-snake/game-snake.srcs/sources_1/new/fsm_step.sv:293]
INFO: [VRFC 10-2263] Analyzing SystemVerilog file "C:/Users/umaff/Documents/Vivado/game-snake/game-snake.srcs/sources_1/new/full_adder.sv" into library xil_defaultlib
INFO: [VRFC 10-311] analyzing module full_adder
INFO: [VRFC 10-2263] Analyzing SystemVerilog file "C:/Users/umaff/Documents/Vivado/game-snake/game-snake.srcs/sources_1/new/game_snake.sv" into library xil_defaultlib
INFO: [VRFC 10-311] analyzing module game_snake
INFO: [VRFC 10-2263] Analyzing SystemVerilog file "C:/Users/umaff/Documents/Vivado/game-snake/game-snake.srcs/sources_1/new/lfsr.sv" into library xil_defaultlib
INFO: [VRFC 10-311] analyzing module lfsr
INFO: [VRFC 10-2263] Analyzing SystemVerilog file "C:/Users/umaff/Documents/Vivado/game-snake/game-snake.srcs/sources_1/new/mem.sv" into library xil_defaultlib
INFO: [VRFC 10-311] analyzing module mem
INFO: [VRFC 10-2263] Analyzing SystemVerilog file "C:/Users/umaff/Documents/Vivado/game-snake/game-snake.srcs/sources_1/new/num_gen.sv" into library xil_defaultlib
INFO: [VRFC 10-311] analyzing module num_gen
INFO: [VRFC 10-2263] Analyzing SystemVerilog file "C:/Users/umaff/Documents/Vivado/game-snake/game-snake.srcs/sources_1/new/overflow_correction.sv" into library xil_defaultlib
INFO: [VRFC 10-311] analyzing module overflow_correction
INFO: [VRFC 10-2263] Analyzing SystemVerilog file "C:/Users/umaff/Documents/Vivado/game-snake/game-snake.srcs/sources_1/new/rc_adder.sv" into library xil_defaultlib
INFO: [VRFC 10-311] analyzing module rc_adder
INFO: [VRFC 10-2263] Analyzing SystemVerilog file "C:/Users/umaff/Documents/Vivado/game-snake/game-snake.srcs/sources_1/new/reg_bank.sv" into library xil_defaultlib
INFO: [VRFC 10-311] analyzing module reg_bank
INFO: [VRFC 10-2263] Analyzing SystemVerilog file "C:/Users/umaff/Documents/Vivado/game-snake/game-snake.srcs/sources_1/new/register.sv" into library xil_defaultlib
INFO: [VRFC 10-311] analyzing module register
INFO: [VRFC 10-2263] Analyzing SystemVerilog file "C:/Users/umaff/Documents/Vivado/game-snake/game-snake.srcs/sources_1/new/step_counter.sv" into library xil_defaultlib
INFO: [VRFC 10-311] analyzing module step_counter
INFO: [VRFC 10-2263] Analyzing SystemVerilog file "C:/Users/umaff/Documents/Vivado/game-snake/game-snake.srcs/sim_1/new/tb_game_snake.sv" into library xil_defaultlib
INFO: [VRFC 10-311] analyzing module tb_game_snake
